{"D:\\Cursos\\React\\03-gifs-app\\src\\GifsApp.tsx": {"path":"D:\\Cursos\\React\\03-gifs-app\\src\\GifsApp.tsx","statementMap":{"0":{"start":{"line":10,"column":13},"end":{"line":36,"column":null}},"1":{"start":{"line":12,"column":47},"end":{"line":12,"column":null}},"2":{"start":{"line":14,"column":4},"end":{"line":34,"column":null}}},"fnMap":{"0":{"name":"(anonymous_0)","decl":{"start":{"line":10,"column":13},"end":{"line":10,"column":29}},"loc":{"start":{"line":10,"column":29},"end":{"line":36,"column":null}},"line":10}},"branchMap":{},"s":{"0":1,"1":1,"2":1},"f":{"0":1},"b":{},"meta":{"lastBranch":0,"lastFunction":1,"lastStatement":3,"seen":{"s:10:13:36:Infinity":0,"f:10:13:10:29":0,"s:12:47:12:Infinity":1,"s:14:4:34:Infinity":2}}}
,"D:\\Cursos\\React\\03-gifs-app\\src\\counter\\components\\MyCounterApp.tsx": {"path":"D:\\Cursos\\React\\03-gifs-app\\src\\counter\\components\\MyCounterApp.tsx","statementMap":{"0":{"start":{"line":3,"column":13},"end":{"line":17,"column":null}},"1":{"start":{"line":4,"column":45},"end":{"line":4,"column":null}},"2":{"start":{"line":5,"column":4},"end":{"line":15,"column":null}}},"fnMap":{"0":{"name":"(anonymous_0)","decl":{"start":{"line":3,"column":13},"end":{"line":3,"column":34}},"loc":{"start":{"line":3,"column":34},"end":{"line":17,"column":null}},"line":3}},"branchMap":{},"s":{"0":2,"1":7,"2":7},"f":{"0":7},"b":{},"meta":{"lastBranch":0,"lastFunction":1,"lastStatement":3,"seen":{"s:3:13:17:Infinity":0,"f:3:13:3:34":0,"s:4:45:4:Infinity":1,"s:5:4:15:Infinity":2}}}
,"D:\\Cursos\\React\\03-gifs-app\\src\\counter\\hooks\\useCounter.tsx": {"path":"D:\\Cursos\\React\\03-gifs-app\\src\\counter\\hooks\\useCounter.tsx","statementMap":{"0":{"start":{"line":3,"column":13},"end":{"line":26,"column":null}},"1":{"start":{"line":5,"column":20},"end":{"line":5,"column":null}},"2":{"start":{"line":6,"column":10},"end":{"line":8,"column":null}},"3":{"start":{"line":7,"column":8},"end":{"line":7,"column":null}},"4":{"start":{"line":9,"column":10},"end":{"line":11,"column":null}},"5":{"start":{"line":10,"column":8},"end":{"line":10,"column":null}},"6":{"start":{"line":10,"column":35},"end":{"line":10,"column":49}},"7":{"start":{"line":13,"column":10},"end":{"line":15,"column":null}},"8":{"start":{"line":14,"column":8},"end":{"line":14,"column":null}},"9":{"start":{"line":17,"column":4},"end":{"line":25,"column":null}}},"fnMap":{"0":{"name":"(anonymous_0)","decl":{"start":{"line":3,"column":13},"end":{"line":3,"column":28}},"loc":{"start":{"line":3,"column":58},"end":{"line":26,"column":null}},"line":3},"1":{"name":"(anonymous_1)","decl":{"start":{"line":6,"column":10},"end":{"line":6,"column":28}},"loc":{"start":{"line":6,"column":28},"end":{"line":8,"column":null}},"line":6},"2":{"name":"(anonymous_2)","decl":{"start":{"line":9,"column":10},"end":{"line":9,"column":33}},"loc":{"start":{"line":9,"column":33},"end":{"line":11,"column":null}},"line":9},"3":{"name":"(anonymous_3)","decl":{"start":{"line":10,"column":8},"end":{"line":10,"column":21}},"loc":{"start":{"line":10,"column":35},"end":{"line":10,"column":49}},"line":10},"4":{"name":"(anonymous_4)","decl":{"start":{"line":13,"column":10},"end":{"line":13,"column":30}},"loc":{"start":{"line":13,"column":30},"end":{"line":15,"column":null}},"line":13}},"branchMap":{"0":{"loc":{"start":{"line":3,"column":28},"end":{"line":3,"column":58}},"type":"default-arg","locations":[{"start":{"line":3,"column":51},"end":{"line":3,"column":58}}],"line":3}},"s":{"0":2,"1":14,"2":14,"3":2,"4":14,"5":7,"6":7,"7":14,"8":1,"9":14},"f":{"0":14,"1":2,"2":7,"3":7,"4":1},"b":{"0":[14]},"meta":{"lastBranch":1,"lastFunction":5,"lastStatement":10,"seen":{"s:3:13:26:Infinity":0,"f:3:13:3:28":0,"b:3:51:3:58":0,"s:5:20:5:Infinity":1,"s:6:10:8:Infinity":2,"f:6:10:6:28":1,"s:7:8:7:Infinity":3,"s:9:10:11:Infinity":4,"f:9:10:9:33":2,"s:10:8:10:Infinity":5,"f:10:8:10:21":3,"s:10:35:10:49":6,"s:13:10:15:Infinity":7,"f:13:10:13:30":4,"s:14:8:14:Infinity":8,"s:17:4:25:Infinity":9}}}
,"D:\\Cursos\\React\\03-gifs-app\\src\\gifs\\actions\\get-gifs-by-query.action.ts": {"path":"D:\\Cursos\\React\\03-gifs-app\\src\\gifs\\actions\\get-gifs-by-query.action.ts","statementMap":{"0":{"start":{"line":5,"column":30},"end":{"line":29,"column":null}},"1":{"start":{"line":6,"column":4},"end":{"line":8,"column":null}},"2":{"start":{"line":7,"column":8},"end":{"line":7,"column":null}},"3":{"start":{"line":9,"column":4},"end":{"line":27,"column":null}},"4":{"start":{"line":10,"column":25},"end":{"line":16,"column":null}},"5":{"start":{"line":17,"column":8},"end":{"line":23,"column":null}},"6":{"start":{"line":17,"column":48},"end":{"line":23,"column":10}},"7":{"start":{"line":25,"column":8},"end":{"line":25,"column":null}},"8":{"start":{"line":26,"column":8},"end":{"line":26,"column":null}}},"fnMap":{"0":{"name":"(anonymous_0)","decl":{"start":{"line":5,"column":30},"end":{"line":5,"column":36}},"loc":{"start":{"line":5,"column":69},"end":{"line":29,"column":null}},"line":5},"1":{"name":"(anonymous_1)","decl":{"start":{"line":17,"column":34},"end":{"line":17,"column":39}},"loc":{"start":{"line":17,"column":48},"end":{"line":23,"column":10}},"line":17}},"branchMap":{"0":{"loc":{"start":{"line":6,"column":4},"end":{"line":8,"column":null}},"type":"if","locations":[{"start":{"line":6,"column":4},"end":{"line":8,"column":null}},{"start":{},"end":{}}],"line":6}},"s":{"0":2,"1":3,"2":1,"3":2,"4":2,"5":1,"6":10,"7":1,"8":1},"f":{"0":3,"1":10},"b":{"0":[1,2]},"meta":{"lastBranch":1,"lastFunction":2,"lastStatement":9,"seen":{"s:5:30:29:Infinity":0,"f:5:30:5:36":0,"b:6:4:8:Infinity:undefined:undefined:undefined:undefined":0,"s:6:4:8:Infinity":1,"s:7:8:7:Infinity":2,"s:9:4:27:Infinity":3,"s:10:25:16:Infinity":4,"s:17:8:23:Infinity":5,"f:17:34:17:39":1,"s:17:48:23:10":6,"s:25:8:25:Infinity":7,"s:26:8:26:Infinity":8}}}
,"D:\\Cursos\\React\\03-gifs-app\\src\\gifs\\api\\giphy.api.ts": {"path":"D:\\Cursos\\React\\03-gifs-app\\src\\gifs\\api\\giphy.api.ts","statementMap":{"0":{"start":{"line":3,"column":24},"end":{"line":9,"column":null}}},"fnMap":{},"branchMap":{},"s":{"0":3},"f":{},"b":{},"meta":{"lastBranch":0,"lastFunction":0,"lastStatement":1,"seen":{"s:3:24:9:Infinity":0}}}
,"D:\\Cursos\\React\\03-gifs-app\\src\\gifs\\components\\GifList.tsx": {"path":"D:\\Cursos\\React\\03-gifs-app\\src\\gifs\\components\\GifList.tsx","statementMap":{"0":{"start":{"line":9,"column":13},"end":{"line":25,"column":null}},"1":{"start":{"line":10,"column":2},"end":{"line":23,"column":null}},"2":{"start":{"line":14,"column":16},"end":{"line":20,"column":null}}},"fnMap":{"0":{"name":"(anonymous_0)","decl":{"start":{"line":9,"column":13},"end":{"line":9,"column":35}},"loc":{"start":{"line":9,"column":52},"end":{"line":25,"column":null}},"line":9},"1":{"name":"(anonymous_1)","decl":{"start":{"line":13,"column":17},"end":{"line":13,"column":22}},"loc":{"start":{"line":14,"column":16},"end":{"line":20,"column":null}},"line":14}},"branchMap":{},"s":{"0":1,"1":1,"2":0},"f":{"0":1,"1":0},"b":{},"meta":{"lastBranch":0,"lastFunction":2,"lastStatement":3,"seen":{"s:9:13:25:Infinity":0,"f:9:13:9:35":0,"s:10:2:23:Infinity":1,"f:13:17:13:22":1,"s:14:16:20:Infinity":2}}}
,"D:\\Cursos\\React\\03-gifs-app\\src\\gifs\\components\\PreviousSearches.tsx": {"path":"D:\\Cursos\\React\\03-gifs-app\\src\\gifs\\components\\PreviousSearches.tsx","statementMap":{"0":{"start":{"line":9,"column":13},"end":{"line":29,"column":null}},"1":{"start":{"line":12,"column":2},"end":{"line":27,"column":null}},"2":{"start":{"line":18,"column":14},"end":{"line":23,"column":null}},"3":{"start":{"line":20,"column":32},"end":{"line":20,"column":null}}},"fnMap":{"0":{"name":"(anonymous_0)","decl":{"start":{"line":9,"column":13},"end":{"line":9,"column":44}},"loc":{"start":{"line":9,"column":77},"end":{"line":29,"column":null}},"line":9},"1":{"name":"(anonymous_1)","decl":{"start":{"line":17,"column":21},"end":{"line":17,"column":25}},"loc":{"start":{"line":18,"column":14},"end":{"line":23,"column":null}},"line":18},"2":{"name":"(anonymous_2)","decl":{"start":{"line":20,"column":16},"end":{"line":20,"column":32}},"loc":{"start":{"line":20,"column":32},"end":{"line":20,"column":null}},"line":20}},"branchMap":{},"s":{"0":1,"1":1,"2":0,"3":0},"f":{"0":1,"1":0,"2":0},"b":{},"meta":{"lastBranch":0,"lastFunction":3,"lastStatement":4,"seen":{"s:9:13:29:Infinity":0,"f:9:13:9:44":0,"s:12:2:27:Infinity":1,"f:17:21:17:25":1,"s:18:14:23:Infinity":2,"f:20:16:20:32":2,"s:20:32:20:Infinity":3}}}
,"D:\\Cursos\\React\\03-gifs-app\\src\\gifs\\hooks\\useGifs.tsx": {"path":"D:\\Cursos\\React\\03-gifs-app\\src\\gifs\\hooks\\useGifs.tsx","statementMap":{"0":{"start":{"line":7,"column":13},"end":{"line":47,"column":null}},"1":{"start":{"line":8,"column":17},"end":{"line":8,"column":null}},"2":{"start":{"line":9,"column":26},"end":{"line":9,"column":null}},"3":{"start":{"line":11,"column":10},"end":{"line":11,"column":null}},"4":{"start":{"line":12,"column":30},"end":{"line":22,"column":null}},"5":{"start":{"line":14,"column":8},"end":{"line":17,"column":null}},"6":{"start":{"line":15,"column":12},"end":{"line":15,"column":null}},"7":{"start":{"line":16,"column":12},"end":{"line":16,"column":null}},"8":{"start":{"line":18,"column":21},"end":{"line":18,"column":null}},"9":{"start":{"line":19,"column":8},"end":{"line":19,"column":null}},"10":{"start":{"line":20,"column":8},"end":{"line":20,"column":null}},"11":{"start":{"line":24,"column":25},"end":{"line":37,"column":null}},"12":{"start":{"line":25,"column":8},"end":{"line":25,"column":null}},"13":{"start":{"line":27,"column":8},"end":{"line":27,"column":null}},"14":{"start":{"line":27,"column":33},"end":{"line":27,"column":null}},"15":{"start":{"line":28,"column":8},"end":{"line":28,"column":null}},"16":{"start":{"line":28,"column":43},"end":{"line":28,"column":null}},"17":{"start":{"line":30,"column":8},"end":{"line":30,"column":null}},"18":{"start":{"line":32,"column":21},"end":{"line":32,"column":null}},"19":{"start":{"line":34,"column":8},"end":{"line":34,"column":null}},"20":{"start":{"line":36,"column":8},"end":{"line":36,"column":null}},"21":{"start":{"line":38,"column":4},"end":{"line":46,"column":null}}},"fnMap":{"0":{"name":"(anonymous_0)","decl":{"start":{"line":7,"column":13},"end":{"line":7,"column":29}},"loc":{"start":{"line":7,"column":29},"end":{"line":47,"column":null}},"line":7},"1":{"name":"(anonymous_1)","decl":{"start":{"line":12,"column":30},"end":{"line":12,"column":37}},"loc":{"start":{"line":12,"column":54},"end":{"line":22,"column":null}},"line":12},"2":{"name":"(anonymous_2)","decl":{"start":{"line":24,"column":25},"end":{"line":24,"column":32}},"loc":{"start":{"line":24,"column":50},"end":{"line":37,"column":null}},"line":24}},"branchMap":{"0":{"loc":{"start":{"line":14,"column":8},"end":{"line":17,"column":null}},"type":"if","locations":[{"start":{"line":14,"column":8},"end":{"line":17,"column":null}},{"start":{},"end":{}}],"line":14},"1":{"loc":{"start":{"line":27,"column":8},"end":{"line":27,"column":null}},"type":"if","locations":[{"start":{"line":27,"column":8},"end":{"line":27,"column":null}},{"start":{},"end":{}}],"line":27},"2":{"loc":{"start":{"line":28,"column":8},"end":{"line":28,"column":null}},"type":"if","locations":[{"start":{"line":28,"column":8},"end":{"line":28,"column":null}},{"start":{},"end":{}}],"line":28}},"s":{"0":2,"1":19,"2":19,"3":19,"4":19,"5":3,"6":2,"7":2,"8":1,"9":1,"10":1,"11":19,"12":11,"13":11,"14":0,"15":11,"16":0,"17":11,"18":11,"19":11,"20":11,"21":19},"f":{"0":19,"1":3,"2":11},"b":{"0":[2,1],"1":[0,11],"2":[0,11]},"meta":{"lastBranch":3,"lastFunction":3,"lastStatement":22,"seen":{"s:7:13:47:Infinity":0,"f:7:13:7:29":0,"s:8:17:8:Infinity":1,"s:9:26:9:Infinity":2,"s:11:10:11:Infinity":3,"s:12:30:22:Infinity":4,"f:12:30:12:37":1,"b:14:8:17:Infinity:undefined:undefined:undefined:undefined":0,"s:14:8:17:Infinity":5,"s:15:12:15:Infinity":6,"s:16:12:16:Infinity":7,"s:18:21:18:Infinity":8,"s:19:8:19:Infinity":9,"s:20:8:20:Infinity":10,"s:24:25:37:Infinity":11,"f:24:25:24:32":2,"s:25:8:25:Infinity":12,"b:27:8:27:Infinity:undefined:undefined:undefined:undefined":1,"s:27:8:27:Infinity":13,"s:27:33:27:Infinity":14,"b:28:8:28:Infinity:undefined:undefined:undefined:undefined":2,"s:28:8:28:Infinity":15,"s:28:43:28:Infinity":16,"s:30:8:30:Infinity":17,"s:32:21:32:Infinity":18,"s:34:8:34:Infinity":19,"s:36:8:36:Infinity":20,"s:38:4:46:Infinity":21}}}
,"D:\\Cursos\\React\\03-gifs-app\\src\\shared\\components\\CustomHeader.tsx": {"path":"D:\\Cursos\\React\\03-gifs-app\\src\\shared\\components\\CustomHeader.tsx","statementMap":{"0":{"start":{"line":6,"column":6},"end":{"line":15,"column":null}},"1":{"start":{"line":7,"column":4},"end":{"line":13,"column":null}}},"fnMap":{"0":{"name":"(anonymous_0)","decl":{"start":{"line":6,"column":6},"end":{"line":6,"column":22}},"loc":{"start":{"line":6,"column":55},"end":{"line":15,"column":null}},"line":6}},"branchMap":{"0":{"loc":{"start":{"line":11,"column":16},"end":{"line":13,"column":null}},"type":"binary-expr","locations":[{"start":{"line":11,"column":16},"end":{"line":11,"column":33}},{"start":{"line":11,"column":33},"end":{"line":13,"column":null}}],"line":11}},"s":{"0":2,"1":4},"f":{"0":4},"b":{"0":[4,2]},"meta":{"lastBranch":1,"lastFunction":1,"lastStatement":2,"seen":{"s:6:6:15:Infinity":0,"f:6:6:6:22":0,"s:7:4:13:Infinity":1,"b:11:16:11:33:11:33:13:Infinity":0}}}
,"D:\\Cursos\\React\\03-gifs-app\\src\\shared\\components\\SearchBar.tsx": {"path":"D:\\Cursos\\React\\03-gifs-app\\src\\shared\\components\\SearchBar.tsx","statementMap":{"0":{"start":{"line":8,"column":13},"end":{"line":45,"column":null}},"1":{"start":{"line":9,"column":16},"end":{"line":9,"column":null}},"2":{"start":{"line":11,"column":2},"end":{"line":19,"column":null}},"3":{"start":{"line":12,"column":22},"end":{"line":14,"column":null}},"4":{"start":{"line":13,"column":6},"end":{"line":13,"column":null}},"5":{"start":{"line":16,"column":4},"end":{"line":18,"column":null}},"6":{"start":{"line":17,"column":6},"end":{"line":17,"column":null}},"7":{"start":{"line":21,"column":8},"end":{"line":24,"column":null}},"8":{"start":{"line":22,"column":4},"end":{"line":22,"column":null}},"9":{"start":{"line":26,"column":8},"end":{"line":30,"column":null}},"10":{"start":{"line":27,"column":4},"end":{"line":29,"column":null}},"11":{"start":{"line":28,"column":6},"end":{"line":28,"column":null}},"12":{"start":{"line":32,"column":2},"end":{"line":43,"column":null}},"13":{"start":{"line":38,"column":29},"end":{"line":38,"column":null}}},"fnMap":{"0":{"name":"(anonymous_0)","decl":{"start":{"line":8,"column":13},"end":{"line":8,"column":26}},"loc":{"start":{"line":8,"column":71},"end":{"line":45,"column":null}},"line":8},"1":{"name":"(anonymous_1)","decl":{"start":{"line":11,"column":2},"end":{"line":11,"column":18}},"loc":{"start":{"line":11,"column":18},"end":{"line":19,"column":5}},"line":11},"2":{"name":"(anonymous_2)","decl":{"start":{"line":12,"column":22},"end":{"line":12,"column":39}},"loc":{"start":{"line":12,"column":39},"end":{"line":14,"column":7}},"line":12},"3":{"name":"(anonymous_3)","decl":{"start":{"line":16,"column":4},"end":{"line":16,"column":17}},"loc":{"start":{"line":16,"column":17},"end":{"line":18,"column":null}},"line":16},"4":{"name":"(anonymous_4)","decl":{"start":{"line":21,"column":8},"end":{"line":21,"column":29}},"loc":{"start":{"line":21,"column":29},"end":{"line":24,"column":null}},"line":21},"5":{"name":"(anonymous_5)","decl":{"start":{"line":26,"column":8},"end":{"line":26,"column":25}},"loc":{"start":{"line":26,"column":68},"end":{"line":30,"column":null}},"line":26},"6":{"name":"(anonymous_6)","decl":{"start":{"line":38,"column":8},"end":{"line":38,"column":19}},"loc":{"start":{"line":38,"column":29},"end":{"line":38,"column":null}},"line":38}},"branchMap":{"0":{"loc":{"start":{"line":8,"column":28},"end":{"line":8,"column":50}},"type":"default-arg","locations":[{"start":{"line":8,"column":40},"end":{"line":8,"column":50}}],"line":8},"1":{"loc":{"start":{"line":27,"column":4},"end":{"line":29,"column":null}},"type":"if","locations":[{"start":{"line":27,"column":4},"end":{"line":29,"column":null}},{"start":{},"end":{}}],"line":27}},"s":{"0":2,"1":12,"2":12,"3":12,"4":2,"5":12,"6":12,"7":12,"8":1,"9":12,"10":0,"11":0,"12":12,"13":6},"f":{"0":12,"1":12,"2":2,"3":12,"4":1,"5":0,"6":6},"b":{"0":[12],"1":[0,0]},"meta":{"lastBranch":2,"lastFunction":7,"lastStatement":14,"seen":{"s:8:13:45:Infinity":0,"f:8:13:8:26":0,"b:8:40:8:50":0,"s:9:16:9:Infinity":1,"s:11:2:19:Infinity":2,"f:11:2:11:18":1,"s:12:22:14:Infinity":3,"f:12:22:12:39":2,"s:13:6:13:Infinity":4,"s:16:4:18:Infinity":5,"f:16:4:16:17":3,"s:17:6:17:Infinity":6,"s:21:8:24:Infinity":7,"f:21:8:21:29":4,"s:22:4:22:Infinity":8,"s:26:8:30:Infinity":9,"f:26:8:26:25":5,"b:27:4:29:Infinity:undefined:undefined:undefined:undefined":1,"s:27:4:29:Infinity":10,"s:28:6:28:Infinity":11,"s:32:2:43:Infinity":12,"f:38:8:38:19":6,"s:38:29:38:Infinity":13}}}
,"D:\\Cursos\\React\\03-gifs-app\\tests\\mocks\\giphy.response.data.ts": {"path":"D:\\Cursos\\React\\03-gifs-app\\tests\\mocks\\giphy.response.data.ts","statementMap":{"0":{"start":{"line":1,"column":39},"end":{"line":2080,"column":null}}},"fnMap":{},"branchMap":{},"s":{"0":1},"f":{},"b":{},"meta":{"lastBranch":0,"lastFunction":0,"lastStatement":1,"seen":{"s:1:39:2080:Infinity":0}}}
}
